<?xml version="1.0" encoding="UTF-8"?>
<!-- Generated by org.testng.reporters.JUnitReportReporter -->
<testsuite skipped="0" hostname="ip-172-31-3-193" name="com.swiggytest.runners.SwiggySetLocaitonRunner" tests="1" failures="0" timestamp="2021-04-05T04:37:39 UTC" time="6.660" errors="0">
  <testcase name="runScenario" time="6.660" classname="com.swiggytest.runners.SwiggySetLocaitonRunner"/>
  <system-out/>
</testsuite> <!-- com.swiggytest.runners.SwiggySetLocaitonRunner -->
