<?xml version="1.0" encoding="UTF-8"?>
<!-- Generated by org.testng.reporters.JUnitReportReporter -->
<testsuite skipped="0" hostname="ip-172-31-3-193" name="com.swiggytest.runners.HomePageRunner" tests="1" failures="0" timestamp="2021-04-05T04:37:39 UTC" time="4.399" errors="0">
  <testcase name="runScenario" time="4.399" classname="com.swiggytest.runners.HomePageRunner"/>
  <system-out/>
</testsuite> <!-- com.swiggytest.runners.HomePageRunner -->
